<?xml version="1.0" encoding="UTF-8"?>
<testsuite xmlns:xsi="http://www.w3.org/2001/XMLSchema-instance" xsi:noNamespaceSchemaLocation="https://maven.apache.org/surefire/maven-surefire-plugin/xsd/surefire-test-report-3.0.xsd" version="3.0" name="com.example.demojar.DemoJarApplicationTests" time="27.695" tests="1" errors="0" skipped="0" failures="0">
  <properties>
[...]
</properties>
  <testcase name="contextLoads" classname="com.example.demojar.DemoJarApplicationTests" time="0.379">
    <system-out><![CDATA[Standard Commons Logging discovery in action with spring-jcl: please remove commons-logging.jar from classpath in order to avoid potential conflicts
15:40:39.361 [main] INFO org.springframework.test.context.support.AnnotationConfigContextLoaderUtils -- Could not detect default configuration classes for test class [com.example.demojar.DemoJarApplicationTests]: DemoJarApplicationTests does not declare any static, non-private, non-final, nested classes annotated with @Configuration.
15:40:39.446 [main] INFO org.springframework.boot.test.context.SpringBootTestContextBootstrapper -- Found @SpringBootConfiguration com.example.demojar.DemoJarApplication for test class com.example.demojar.DemoJarApplicationTests
15:40:39.598 [main] INFO org.springframework.boot.devtools.restart.RestartApplicationListener -- Restart disabled due to context in which it is running

  .   ____          _            __ _ _
 /\\ / ___'_ __ _ _(_)_ __  __ _ \ \ \ \
( ( )\___ | '_ | '_| | '_ \/ _` | \ \ \ \
 \\/  ___)| |_)| | | | | || (_| |  ) ) ) )
  '  |____| .__|_| |_|_| |_\__, | / / / /
 =========|_|==============|___/=/_/_/_/
 :: Spring Boot ::                (v3.1.5)

2023-11-27T15:40:39.852+05:30  INFO 31372 --- [           main] c.e.demojar.DemoJarApplicationTests      : Starting DemoJarApplicationTests using Java 17.0.8 with PID 31372 (started by ujjwa in C:\Users\ujjwa\IdeaProjects\Demo jar)
2023-11-27T15:40:39.854+05:30  INFO 31372 --- [           main] c.e.demojar.DemoJarApplicationTests      : No active profile set, falling back to 1 default profile: "default"
2023-11-27T15:40:40.548+05:30  INFO 31372 --- [           main] .s.d.r.c.RepositoryConfigurationDelegate : Bootstrapping Spring Data JPA repositories in DEFAULT mode.
2023-11-27T15:40:40.676+05:30  INFO 31372 --- [           main] .s.d.r.c.RepositoryConfigurationDelegate : Finished Spring Data repository scanning in 120 ms. Found 4 JPA repository interfaces.
2023-11-27T15:40:40.989+05:30  INFO 31372 --- [           main] trationDelegate$BeanPostProcessorChecker : Bean 'com.azure.spring.cloud.autoconfigure.implementation.jdbc.AzureJdbcAutoConfiguration' of type [com.azure.spring.cloud.autoconfigure.implementation.jdbc.AzureJdbcAutoConfiguration] is not eligible for getting processed by all BeanPostProcessors (for example: not eligible for auto-proxying)
2023-11-27T15:40:40.992+05:30  INFO 31372 --- [           main] trationDelegate$BeanPostProcessorChecker : Bean 'springTokenCredentialProviderContextProvider' of type [com.azure.spring.cloud.autoconfigure.implementation.jdbc.SpringTokenCredentialProviderContextProvider] is not eligible for getting processed by all BeanPostProcessors (for example: not eligible for auto-proxying)
2023-11-27T15:40:41.228+05:30  INFO 31372 --- [           main] o.hibernate.jpa.internal.util.LogHelper  : HHH000204: Processing PersistenceUnitInfo [name: default]
2023-11-27T15:40:41.325+05:30  INFO 31372 --- [           main] org.hibernate.Version                    : HHH000412: Hibernate ORM core version 6.2.13.Final
2023-11-27T15:40:41.329+05:30  INFO 31372 --- [           main] org.hibernate.cfg.Environment            : HHH000406: Using bytecode reflection optimizer
2023-11-27T15:40:41.632+05:30  INFO 31372 --- [           main] o.s.o.j.p.SpringPersistenceUnitInfo      : No LoadTimeWeaver setup: ignoring JPA class transformer
2023-11-27T15:40:41.660+05:30  INFO 31372 --- [           main] com.zaxxer.hikari.HikariDataSource       : HikariPool-1 - Starting...
2023-11-27T15:41:03.608+05:30  INFO 31372 --- [           main] com.zaxxer.hikari.pool.HikariPool        : HikariPool-1 - Added connection com.mysql.cj.jdbc.ConnectionImpl@2b8cf049
2023-11-27T15:41:03.611+05:30  INFO 31372 --- [           main] com.zaxxer.hikari.HikariDataSource       : HikariPool-1 - Start completed.
2023-11-27T15:41:03.737+05:30  WARN 31372 --- [           main] org.hibernate.orm.deprecation            : HHH90000025: MySQL8Dialect does not need to be specified explicitly using 'hibernate.dialect' (remove the property setting and it will be selected by default)
2023-11-27T15:41:03.738+05:30  WARN 31372 --- [           main] org.hibernate.orm.deprecation            : HHH90000026: MySQL8Dialect has been deprecated; use org.hibernate.dialect.MySQLDialect instead
2023-11-27T15:41:04.397+05:30  INFO 31372 --- [           main] o.h.e.t.j.p.i.JtaPlatformInitiator       : HHH000489: No JTA platform available (set 'hibernate.transaction.jta.platform' to enable JTA platform integration)
2023-11-27T15:41:04.724+05:30  INFO 31372 --- [           main] j.LocalContainerEntityManagerFactoryBean : Initialized JPA EntityManagerFactory for persistence unit 'default'
2023-11-27T15:41:05.408+05:30  WARN 31372 --- [           main] JpaBaseConfiguration$JpaWebConfiguration : spring.jpa.open-in-view is enabled by default. Therefore, database queries may be performed during view rendering. Explicitly configure spring.jpa.open-in-view to disable this warning
2023-11-27T15:41:05.612+05:30  INFO 31372 --- [           main] o.s.s.web.DefaultSecurityFilterChain     : Will secure any request with [org.springframework.security.web.session.DisableEncodeUrlFilter@760ac834, org.springframework.security.web.context.request.async.WebAsyncManagerIntegrationFilter@6c4c32ff, org.springframework.security.web.context.SecurityContextHolderFilter@67fda9fb, org.springframework.security.web.header.HeaderWriterFilter@4dfe56dc, org.springframework.security.web.authentication.logout.LogoutFilter@490f2fad, com.example.demojar.config.HeaderCodeFilter@5a1a5521, org.springframework.security.web.savedrequest.RequestCacheAwareFilter@66450129, org.springframework.security.web.servletapi.SecurityContextHolderAwareRequestFilter@14f1545c, org.springframework.security.web.authentication.AnonymousAuthenticationFilter@5603632c, org.springframework.security.web.access.ExceptionTranslationFilter@54d116d5, org.springframework.security.web.access.intercept.FilterSecurityInterceptor@4205d1c9]
2023-11-27T15:41:06.010+05:30  INFO 31372 --- [           main] o.s.b.a.w.s.WelcomePageHandlerMapping    : Adding welcome page: class path resource [static/index.html]
2023-11-27T15:41:06.109+05:30  WARN 31372 --- [           main] ion$DefaultTemplateResolverConfiguration : Cannot find template location: classpath:/templates/ (please add some templates, check your Thymeleaf configuration, or set spring.thymeleaf.check-template-location=false)
2023-11-27T15:41:06.257+05:30  INFO 31372 --- [           main] AbstractAzureServiceClientBuilderFactory : Will configure the default credential of type DefaultAzureCredential for class com.azure.identity.DefaultAzureCredentialBuilder.
2023-11-27T15:41:06.462+05:30  INFO 31372 --- [           main] o.s.m.s.b.SimpleBrokerMessageHandler     : Starting...
2023-11-27T15:41:06.464+05:30  INFO 31372 --- [           main] o.s.m.s.b.SimpleBrokerMessageHandler     : BrokerAvailabilityEvent[available=true, SimpleBrokerMessageHandler [org.springframework.messaging.simp.broker.DefaultSubscriptionRegistry@bb9bad9]]
2023-11-27T15:41:06.465+05:30  INFO 31372 --- [           main] o.s.m.s.b.SimpleBrokerMessageHandler     : Started.
2023-11-27T15:41:06.472+05:30  INFO 31372 --- [           main] c.e.demojar.DemoJarApplicationTests      : Started DemoJarApplicationTests in 26.887 seconds (process running for 27.771)
]]></system-out>
  </testcase>
</testsuite>